#
# A fatal error has been detected by the Java Runtime Environment:
#
#  EXCEPTION_ACCESS_VIOLATION (0xc0000005) at pc=0x00000000510bfca0, pid=7232, tid=0x0000000000001460
#
# JRE version: Java(TM) SE Runtime Environment (8.0_131-b11) (build 1.8.0_131-b11)
# Java VM: Java HotSpot(TM) 64-Bit Server VM (25.131-b11 mixed mode windows-amd64 compressed oops)
# Problematic frame:
# V  [jvm.dll+0xafca0]
#
# Failed to write core dump. Minidumps are not enabled by default on client versions of Windows
#
# If you would like to submit a bug report, please visit:
#   http://bugreport.java.com/bugreport/crash.jsp
#

---------------  T H R E A D  ---------------

Current thread (0x0000000002348800):  GCTaskThread [stack: 0x0000000012910000,0x0000000012a10000] [id=5216]

siginfo: ExceptionCode=0xc0000005, reading address 0x00000007c0460220

Registers:
RAX=0x0000000000000001, RBX=0x0000000780be1c28, RCX=0x0000000780be1c28, RDX=0x00000007c0460218
RSP=0x0000000012a0f698, RBP=0x00000000280b6410, RSI=0x0000000019d78040, RDI=0x000000071b3a7f40
R8 =0x0000000019d78040, R9 =0x0000000000000005, R10=0x0000000000000008, R11=0x0000000795a4fff0
R12=0x0000000011b9f8a8, R13=0x0000000000000005, R14=0x0000000000000000, R15=0x000000000233e690
RIP=0x00000000510bfca0, EFLAGS=0x0000000000010206

Top of Stack: (sp=0x0000000012a0f698)
0x0000000012a0f698:   0000000051410db2 0000000780be1c48
0x0000000012a0f6a8:   0000000000000002 0000000019d78040
0x0000000012a0f6b8:   00000000280b6410 000000071a44dde1
0x0000000012a0f6c8:   00000000779b15aa 0000000000000002
0x0000000012a0f6d8:   0000000019d78000 0000000000000000
0x0000000012a0f6e8:   0000000019d78000 0000000011b9f8a8
0x0000000012a0f6f8:   0000000051411120 000000071a44d638
0x0000000012a0f708:   00000000280b6410 0000000019d78040
0x0000000012a0f718:   000000071b3a7f40 000000071a44d638
0x0000000012a0f728:   0000000051411962 00000007c00000bb
0x0000000012a0f738:   000007fefd9d10dc 000000071b3a7d39
0x0000000012a0f748:   000000005112060d 0000000012a0f808
0x0000000012a0f758:   000000071a44d639 0000000000000000
0x0000000012a0f768:   0000000000460000 0000000019d78040
0x0000000012a0f778:   00000000511236c3 000000071b3a7f39
0x0000000012a0f788:   000000071b3a7f39 000000071b3a7f39 

Instructions: (pc=0x00000000510bfca0)
0x00000000510bfc80:   9c bc 1d 00 48 8b 9c 24 d0 00 00 00 48 81 c4 c0
0x00000000510bfc90:   00 00 00 5d c3 cc cc cc cc cc cc cc cc cc cc cc
0x00000000510bfca0:   44 8b 42 08 4c 8b ca 45 85 c0 7e 0e 41 f6 c0 01
0x00000000510bfcb0:   75 57 41 c1 f8 03 41 8b c0 c3 79 4d 80 3d ee d6 


Register to memory mapping:

RAX=0x0000000000000001 is an unknown value
RBX=0x0000000780be1c28 is an oop

[error occurred during error reporting (printing register info), id 0xc0000005]

Stack: [0x0000000012910000,0x0000000012a10000],  sp=0x0000000012a0f698,  free space=1021k
Native frames: (J=compiled Java code, j=interpreted, Vv=VM code, C=native code)
V  [jvm.dll+0xafca0]


---------------  P R O C E S S  ---------------

Java Threads: ( => current thread )
  0x000000001b799800 JavaThread "Service Thread" daemon [_thread_blocked, id=7756, stack(0x000000001c710000,0x000000001c810000)]
  0x000000001b712800 JavaThread "C1 CompilerThread2" daemon [_thread_blocked, id=4628, stack(0x000000001be60000,0x000000001bf60000)]
  0x000000001b711800 JavaThread "C2 CompilerThread1" daemon [_thread_blocked, id=4740, stack(0x000000001c4d0000,0x000000001c5d0000)]
  0x000000001b71d800 JavaThread "C2 CompilerThread0" daemon [_thread_blocked, id=7828, stack(0x000000001bc10000,0x000000001bd10000)]
  0x000000001b703800 JavaThread "JDWP Command Reader" daemon [_thread_in_native, id=7192, stack(0x000000001c2b0000,0x000000001c3b0000)]
  0x000000001b6fe000 JavaThread "JDWP Event Helper Thread" daemon [_thread_blocked, id=5836, stack(0x000000001c130000,0x000000001c230000)]
  0x000000001b6f2000 JavaThread "JDWP Transport Listener: dt_socket" daemon [_thread_blocked, id=1428, stack(0x000000001c020000,0x000000001c120000)]
  0x000000001b6d6000 JavaThread "Attach Listener" daemon [_thread_blocked, id=2744, stack(0x000000001bd60000,0x000000001be60000)]
  0x000000001b6ec000 JavaThread "Signal Dispatcher" daemon [_thread_blocked, id=7380, stack(0x000000001bb10000,0x000000001bc10000)]
  0x0000000019d88800 JavaThread "Finalizer" daemon [_thread_blocked, id=7968, stack(0x000000001b430000,0x000000001b530000)]
  0x0000000019d81800 JavaThread "Reference Handler" daemon [_thread_blocked, id=5148, stack(0x000000001b570000,0x000000001b670000)]
  0x0000000002330000 JavaThread "main" [_thread_blocked, id=6060, stack(0x0000000002630000,0x0000000002730000)]

Other Threads:
  0x0000000019d7a000 VMThread [stack: 0x000000001b330000,0x000000001b430000] [id=5856]
  0x000000001b7e3800 WatcherThread [stack: 0x000000001c890000,0x000000001c990000] [id=5752]

=>0x0000000002348800 (exited) GCTaskThread [stack: 0x0000000012910000,0x0000000012a10000] [id=5216]

VM state:at safepoint (normal execution)

VM Mutex/Monitor currently owned by a thread:  ([mutex/lock_event])
[0x000000000240e6d0] Threads_lock - owner thread: 0x0000000019d7a000
[0x000000000240ebd0] Heap_lock - owner thread: 0x0000000002330000

Heap:
 PSYoungGen      total 289792K, used 289792K [0x0000000780700000, 0x00000007a9500000, 0x00000007c0000000)
  eden space 147968K, 100% used [0x0000000780700000,0x0000000789780000,0x0000000789780000)
  from space 141824K, 100% used [0x0000000795b80000,0x000000079e600000,0x000000079e600000)
  to   space 200704K, 100% used [0x0000000789780000,0x0000000795b80000,0x0000000795b80000)
 ParOldGen       total 829952K, used 690304K [0x0000000701400000, 0x0000000733e80000, 0x0000000780700000)
  object space 829952K, 83% used [0x0000000701400000,0x000000072b6222a0,0x0000000733e80000)
 Metaspace       used 2875K, capacity 4486K, committed 4864K, reserved 1056768K
  class space    used 308K, capacity 386K, committed 512K, reserved 1048576K

Card table byte_map: [0x0000000011af0000,0x00000000120f0000] byte_map_base: 0x000000000e2e6000

Marking Bits: (ParMarkBitMap*) 0x000000005182c720
 Begin Bits: [0x0000000012e30000, 0x0000000015de0000)
 End Bits:   [0x0000000015de0000, 0x0000000018d90000)

Polling page: 0x0000000000430000

CodeCache: size=245760Kb used=1162Kb max_used=1174Kb free=244597Kb
 bounds [0x0000000002730000, 0x00000000029a0000, 0x0000000011730000]
 total_blobs=287 nmethods=59 adapters=150
 compilation: enabled

Compilation events (10 events):
Event: 0.537 Thread 0x000000001b711800   55       4       java.util.ArrayList::add (29 bytes)
Event: 0.540 Thread 0x000000001b711800 nmethod 55 0x0000000002852cd0 code [0x0000000002852e20, 0x0000000002853028]
Event: 0.540 Thread 0x000000001b711800   56       4       HeapOOM$OOMObject::<init> (5 bytes)
Event: 0.540 Thread 0x000000001b711800 nmethod 56 0x0000000002853210 code [0x0000000002853340, 0x0000000002853398]
Event: 0.543 Thread 0x000000001b712800   57 %     3       HeapOOM::main @ 8 (25 bytes)
Event: 0.543 Thread 0x000000001b712800 nmethod 57% 0x00000000028522d0 code [0x0000000002852480, 0x0000000002852a28]
Event: 0.544 Thread 0x000000001b712800   58       3       HeapOOM::main (25 bytes)
Event: 0.544 Thread 0x000000001b712800 nmethod 58 0x00000000028512d0 code [0x00000000028514c0, 0x0000000002851d88]
Event: 0.545 Thread 0x000000001b711800   59 %     4       HeapOOM::main @ 8 (25 bytes)
Event: 0.550 Thread 0x000000001b711800 nmethod 59% 0x0000000002850a10 code [0x0000000002850b80, 0x0000000002850f48]

GC Heap History (10 events):
Event: 3.951 GC heap after
Heap after GC invocations=5 (full 1):
 PSYoungGen      total 155136K, used 8192K [0x0000000780700000, 0x000000078d700000, 0x00000007c0000000)
  eden space 146944K, 0% used [0x0000000780700000,0x0000000780700000,0x0000000789680000)
  from space 8192K, 100% used [0x000000078cf00000,0x000000078d700000,0x000000078d700000)
  to   space 8192K, 0% used [0x000000078c700000,0x000000078c700000,0x000000078cf00000)
 ParOldGen       total 278016K, used 227118K [0x0000000701400000, 0x0000000712380000, 0x0000000780700000)
  object space 278016K, 81% used [0x0000000701400000,0x000000070f1cbac0,0x0000000712380000)
 Metaspace       used 2875K, capacity 4486K, committed 4864K, reserved 1056768K
  class space    used 308K, capacity 386K, committed 512K, reserved 1048576K
}
Event: 3.951 GC heap before
{Heap before GC invocations=6 (full 2):
 PSYoungGen      total 155136K, used 8192K [0x0000000780700000, 0x000000078d700000, 0x00000007c0000000)
  eden space 146944K, 0% used [0x0000000780700000,0x0000000780700000,0x0000000789680000)
  from space 8192K, 100% used [0x000000078cf00000,0x000000078d700000,0x000000078d700000)
  to   space 8192K, 0% used [0x000000078c700000,0x000000078c700000,0x000000078cf00000)
 ParOldGen       total 278016K, used 227118K [0x0000000701400000, 0x0000000712380000, 0x0000000780700000)
  object space 278016K, 81% used [0x0000000701400000,0x000000070f1cbac0,0x0000000712380000)
 Metaspace       used 2875K, capacity 4486K, committed 4864K, reserved 1056768K
  class space    used 308K, capacity 386K, committed 512K, reserved 1048576K
Event: 6.167 GC heap after
Heap after GC invocations=6 (full 2):
 PSYoungGen      total 155136K, used 0K [0x0000000780700000, 0x000000078d700000, 0x00000007c0000000)
  eden space 146944K, 0% used [0x0000000780700000,0x0000000780700000,0x0000000789680000)
  from space 8192K, 0% used [0x000000078cf00000,0x000000078cf00000,0x000000078d700000)
  to   space 8192K, 0% used [0x000000078c700000,0x000000078c700000,0x000000078cf00000)
 ParOldGen       total 430592K, used 211140K [0x0000000701400000, 0x000000071b880000, 0x0000000780700000)
  object space 430592K, 49% used [0x0000000701400000,0x000000070e231028,0x000000071b880000)
 Metaspace       used 2875K, capacity 4486K, committed 4864K, reserved 1056768K
  class space    used 308K, capacity 386K, committed 512K, reserved 1048576K
}
Event: 6.256 GC heap before
{Heap before GC invocations=7 (full 2):
 PSYoungGen      total 155136K, used 146944K [0x0000000780700000, 0x000000078d700000, 0x00000007c0000000)
  eden space 146944K, 100% used [0x0000000780700000,0x0000000789680000,0x0000000789680000)
  from space 8192K, 0% used [0x000000078cf00000,0x000000078cf00000,0x000000078d700000)
  to   space 8192K, 0% used [0x000000078c700000,0x000000078c700000,0x000000078cf00000)
 ParOldGen       total 430592K, used 211140K [0x0000000701400000, 0x000000071b880000, 0x0000000780700000)
  object space 430592K, 49% used [0x0000000701400000,0x000000070e231028,0x000000071b880000)
 Metaspace       used 2875K, capacity 4486K, committed 4864K, reserved 1056768K
  class space    used 308K, capacity 386K, committed 512K, reserved 1048576K
Event: 6.666 GC heap after
Heap after GC invocations=7 (full 2):
 PSYoungGen      total 204800K, used 8192K [0x0000000780700000, 0x000000079e600000, 0x00000007c0000000)
  eden space 196608K, 0% used [0x0000000780700000,0x0000000780700000,0x000000078c700000)
  from space 8192K, 100% used [0x000000078c700000,0x000000078cf00000,0x000000078cf00000)
  to   space 141824K, 0% used [0x0000000795b80000,0x0000000795b80000,0x000000079e600000)
 ParOldGen       total 430592K, used 350031K [0x0000000701400000, 0x000000071b880000, 0x0000000780700000)
  object space 430592K, 81% used [0x0000000701400000,0x00000007169d3ff0,0x000000071b880000)
 Metaspace       used 2875K, capacity 4486K, committed 4864K, reserved 1056768K
  class space    used 308K, capacity 386K, committed 512K, reserved 1048576K
}
Event: 6.666 GC heap before
{Heap before GC invocations=8 (full 3):
 PSYoungGen      total 204800K, used 8192K [0x0000000780700000, 0x000000079e600000, 0x00000007c0000000)
  eden space 196608K, 0% used [0x0000000780700000,0x0000000780700000,0x000000078c700000)
  from space 8192K, 100% used [0x000000078c700000,0x000000078cf00000,0x000000078cf00000)
  to   space 141824K, 0% used [0x0000000795b80000,0x0000000795b80000,0x000000079e600000)
 ParOldGen       total 430592K, used 350031K [0x0000000701400000, 0x000000071b880000, 0x0000000780700000)
  object space 430592K, 81% used [0x0000000701400000,0x00000007169d3ff0,0x000000071b880000)
 Metaspace       used 2875K, capacity 4486K, committed 4864K, reserved 1056768K
  class space    used 308K, capacity 386K, committed 512K, reserved 1048576K
Event: 9.964 GC heap after
Heap after GC invocations=8 (full 3):
 PSYoungGen      total 204800K, used 0K [0x0000000780700000, 0x000000079e600000, 0x00000007c0000000)
  eden space 196608K, 0% used [0x0000000780700000,0x0000000780700000,0x000000078c700000)
  from space 8192K, 0% used [0x000000078c700000,0x000000078c700000,0x000000078cf00000)
  to   space 141824K, 0% used [0x0000000795b80000,0x0000000795b80000,0x000000079e600000)
 ParOldGen       total 647168K, used 303945K [0x0000000701400000, 0x0000000728c00000, 0x0000000780700000)
  object space 647168K, 46% used [0x0000000701400000,0x0000000713cd27a0,0x0000000728c00000)
 Metaspace       used 2875K, capacity 4486K, committed 4864K, reserved 1056768K
  class space    used 308K, capacity 386K, committed 512K, reserved 1048576K
}
Event: 10.177 GC heap before
{Heap before GC invocations=9 (full 3):
 PSYoungGen      total 204800K, used 196608K [0x0000000780700000, 0x000000079e600000, 0x00000007c0000000)
  eden space 196608K, 100% used [0x0000000780700000,0x000000078c700000,0x000000078c700000)
  from space 8192K, 0% used [0x000000078c700000,0x000000078c700000,0x000000078cf00000)
  to   space 141824K, 0% used [0x0000000795b80000,0x0000000795b80000,0x000000079e600000)
 ParOldGen       total 647168K, used 425631K [0x0000000701400000, 0x0000000728c00000, 0x0000000780700000)
  object space 647168K, 65% used [0x0000000701400000,0x000000071b3a7f40,0x0000000728c00000)
 Metaspace       used 2875K, capacity 4486K, committed 4864K, reserved 1056768K
  class space    used 308K, capacity 386K, committed 512K, reserved 1048576K
Event: 11.237 GC heap after
Heap after GC invocations=9 (full 3):
 PSYoungGen      total 289792K, used 141824K [0x0000000780700000, 0x00000007a9500000, 0x00000007c0000000)
  eden space 147968K, 0% used [0x0000000780700000,0x0000000780700000,0x0000000789780000)
  from space 141824K, 100% used [0x0000000795b80000,0x000000079e600000,0x000000079e600000)
  to   space 200704K, 0% used [0x0000000789780000,0x0000000789780000,0x0000000795b80000)
 ParOldGen       total 647168K, used 480663K [0x0000000701400000, 0x0000000728c00000, 0x0000000780700000)
  object space 647168K, 74% used [0x0000000701400000,0x000000071e965f40,0x0000000728c00000)
 Metaspace       used 2875K, capacity 4486K, committed 4864K, reserved 1056768K
  class space    used 308K, capacity 386K, committed 512K, reserved 1048576K
}
Event: 11.460 GC heap before
{Heap before GC invocations=10 (full 3):
 PSYoungGen      total 289792K, used 289792K [0x0000000780700000, 0x00000007a9500000, 0x00000007c0000000)
  eden space 147968K, 100% used [0x0000000780700000,0x0000000789780000,0x0000000789780000)
  from space 141824K, 100% used [0x0000000795b80000,0x000000079e600000,0x000000079e600000)
  to   space 200704K, 0% used [0x0000000789780000,0x0000000789780000,0x0000000795b80000)
 ParOldGen       total 829952K, used 663192K [0x0000000701400000, 0x0000000733e80000, 0x0000000780700000)
  object space 829952K, 79% used [0x0000000701400000,0x0000000729ba62a0,0x0000000733e80000)
 Metaspace       used 2875K, capacity 4486K, committed 4864K, reserved 1056768K
  class space    used 308K, capacity 386K, committed 512K, reserved 1048576K

Deoptimization events (0 events):
No events

Internal exceptions (2 events):
Event: 0.051 Thread 0x0000000002330000 Exception <a 'java/lang/NoSuchMethodError': Method sun.misc.Unsafe.defineClass(Ljava/lang/String;[BII)Ljava/lang/Class; name or signature does not match> (0x0000000780707ca8) thrown at [C:\re\workspace\8-2-build-windows-amd64-cygwin\jdk8u131\8869\hotspot\
Event: 0.051 Thread 0x0000000002330000 Exception <a 'java/lang/NoSuchMethodError': Method sun.misc.Unsafe.prefetchRead(Ljava/lang/Object;J)V name or signature does not match> (0x0000000780707f90) thrown at [C:\re\workspace\8-2-build-windows-amd64-cygwin\jdk8u131\8869\hotspot\src\share\vm\prims

Events (10 events):
Event: 0.875 Executing VM operation: ParallelGCFailedAllocation done
Event: 0.929 Executing VM operation: ParallelGCFailedAllocation
Event: 3.319 Executing VM operation: ParallelGCFailedAllocation done
Event: 3.426 Executing VM operation: ParallelGCFailedAllocation
Event: 6.167 Executing VM operation: ParallelGCFailedAllocation done
Event: 6.256 Executing VM operation: ParallelGCFailedAllocation
Event: 9.964 Executing VM operation: ParallelGCFailedAllocation done
Event: 10.177 Executing VM operation: ParallelGCFailedAllocation
Event: 11.237 Executing VM operation: ParallelGCFailedAllocation done
Event: 11.460 Executing VM operation: ParallelGCFailedAllocation


Dynamic libraries:
0x000000013fe00000 - 0x000000013fe37000 	C:\Program Files\Java\jdk1.8.0_131\bin\java.exe
0x0000000077bb0000 - 0x0000000077d4f000 	C:\Windows\SYSTEM32\ntdll.dll
0x0000000077990000 - 0x0000000077aaf000 	C:\Windows\system32\kernel32.dll
0x000007fefd9d0000 - 0x000007fefda37000 	C:\Windows\system32\KERNELBASE.dll
0x000007feff7e0000 - 0x000007feff8bb000 	C:\Windows\system32\ADVAPI32.dll
0x000007fefea10000 - 0x000007fefeaaf000 	C:\Windows\system32\msvcrt.dll
0x000007feff7c0000 - 0x000007feff7df000 	C:\Windows\SYSTEM32\sechost.dll
0x000007feff670000 - 0x000007feff79c000 	C:\Windows\system32\RPCRT4.dll
0x0000000077ab0000 - 0x0000000077baa000 	C:\Windows\system32\USER32.dll
0x000007feff9e0000 - 0x000007feffa47000 	C:\Windows\system32\GDI32.dll
0x000007feff7a0000 - 0x000007feff7ae000 	C:\Windows\system32\LPK.dll
0x000007feff490000 - 0x000007feff55b000 	C:\Windows\system32\USP10.dll
0x000007fefc0a0000 - 0x000007fefc295000 	C:\Windows\WinSxS\amd64_microsoft.windows.common-controls_6595b64144ccf1df_6.0.7601.24483_none_e372d88f30fbb845\COMCTL32.dll
0x000007feff410000 - 0x000007feff481000 	C:\Windows\system32\SHLWAPI.dll
0x000007fefdac0000 - 0x000007fefdaee000 	C:\Windows\system32\IMM32.DLL
0x000007feff560000 - 0x000007feff66b000 	C:\Windows\system32\MSCTF.dll
0x0000000060fd0000 - 0x00000000610a2000 	C:\Program Files\Java\jdk1.8.0_131\jre\bin\msvcr100.dll
0x0000000051010000 - 0x00000000518ac000 	C:\Program Files\Java\jdk1.8.0_131\jre\bin\server\jvm.dll
0x000007fef9e50000 - 0x000007fef9e59000 	C:\Windows\system32\WSOCK32.dll
0x000007feffc30000 - 0x000007feffc7d000 	C:\Windows\system32\WS2_32.dll
0x000007feff7b0000 - 0x000007feff7b8000 	C:\Windows\system32\NSI.dll
0x000007fefaed0000 - 0x000007fefaf0b000 	C:\Windows\system32\WINMM.dll
0x000007fefc700000 - 0x000007fefc70c000 	C:\Windows\system32\VERSION.dll
0x0000000077d60000 - 0x0000000077d67000 	C:\Windows\system32\PSAPI.DLL
0x0000000060fc0000 - 0x0000000060fcf000 	C:\Program Files\Java\jdk1.8.0_131\jre\bin\verify.dll
0x0000000060f90000 - 0x0000000060fb9000 	C:\Program Files\Java\jdk1.8.0_131\jre\bin\java.dll
0x0000000060ed0000 - 0x0000000060f05000 	C:\Program Files\Java\jdk1.8.0_131\jre\bin\jdwp.dll
0x0000000060f40000 - 0x0000000060f48000 	C:\Program Files\Java\jdk1.8.0_131\jre\bin\npt.dll
0x0000000060f70000 - 0x0000000060f86000 	C:\Program Files\Java\jdk1.8.0_131\jre\bin\zip.dll
0x000007fefdaf0000 - 0x000007fefe87b000 	C:\Windows\system32\SHELL32.dll
0x000007feffc80000 - 0x000007feffe7f000 	C:\Windows\system32\ole32.dll
0x000007fefd700000 - 0x000007fefd70f000 	C:\Windows\system32\profapi.dll
0x0000000060f30000 - 0x0000000060f39000 	C:\Program Files\Java\jdk1.8.0_131\jre\bin\dt_socket.dll
0x000007fefc710000 - 0x000007fefc88a000 	C:\Program Files (x86)\Sangfor\SSL\ClientComponent\SangforTcpX64.dll
0x000007feffab0000 - 0x000007feffb8b000 	C:\Windows\system32\OLEAUT32.dll
0x000007fefd890000 - 0x000007fefd8cb000 	C:\Windows\system32\WINTRUST.dll
0x000007fefd720000 - 0x000007fefd88d000 	C:\Windows\system32\CRYPT32.dll
0x000007fefd710000 - 0x000007fefd71f000 	C:\Windows\system32\MSASN1.dll
0x000007fefce10000 - 0x000007fefce65000 	C:\Windows\system32\mswsock.dll
0x000007fefc6f0000 - 0x000007fefc6f7000 	C:\Windows\System32\wshtcpip.dll
0x000007fef0940000 - 0x000007fef0a65000 	C:\Windows\system32\dbghelp.dll

VM Arguments:
jvm_args: -agentlib:jdwp=transport=dt_socket,address=127.0.0.1:57008,suspend=y,server=n -Dfile.encoding=UTF-8 
java_command: HeapOOM
java_class_path (initial): C:\Program Files\Java\jdk1.8.0_131\jre\lib\charsets.jar;C:\Program Files\Java\jdk1.8.0_131\jre\lib\deploy.jar;C:\Program Files\Java\jdk1.8.0_131\jre\lib\ext\access-bridge-64.jar;C:\Program Files\Java\jdk1.8.0_131\jre\lib\ext\cldrdata.jar;C:\Program Files\Java\jdk1.8.0_131\jre\lib\ext\dnsns.jar;C:\Program Files\Java\jdk1.8.0_131\jre\lib\ext\jaccess.jar;C:\Program Files\Java\jdk1.8.0_131\jre\lib\ext\jfxrt.jar;C:\Program Files\Java\jdk1.8.0_131\jre\lib\ext\localedata.jar;C:\Program Files\Java\jdk1.8.0_131\jre\lib\ext\nashorn.jar;C:\Program Files\Java\jdk1.8.0_131\jre\lib\ext\sunec.jar;C:\Program Files\Java\jdk1.8.0_131\jre\lib\ext\sunjce_provider.jar;C:\Program Files\Java\jdk1.8.0_131\jre\lib\ext\sunmscapi.jar;C:\Program Files\Java\jdk1.8.0_131\jre\lib\ext\sunpkcs11.jar;C:\Program Files\Java\jdk1.8.0_131\jre\lib\ext\zipfs.jar;C:\Program Files\Java\jdk1.8.0_131\jre\lib\javaws.jar;C:\Program Files\Java\jdk1.8.0_131\jre\lib\jce.jar;C:\Program Files\Java\jdk1.8.0_131\jre\lib\jfr.jar;C:\Program Files\Java\jdk1.8.0_131\jre\lib\jfxswt.jar;C:\Program Files\Java\jdk1.8.0_131\jre\lib\jsse.jar;C:\Program Files\Java\jdk1.8.0_131\jre\lib\management-agent.jar;C:\Program Files\Java\jdk1.8.0_131\jre\lib\plugin.jar;C:\Program Files\Java\jdk1.8.0_131\jre\lib\resources.jar;C:\Program Files\Java\jdk1.8.0_131\jre\lib\rt.jar;E:\programming\projects\mutiThread\target\classes;C:\Users\Administrator\.m2\repository\junit\junit\4.12\junit-4.12.jar;C:\Users\Administrator\.m2\repository\org\hamcrest\hamcrest-core\1.3\hamcrest-core-1.3.jar;C:\Program Files (x86)\JetBrains\IntelliJ IDEA 2017.1\lib\idea_rt.jar
Launcher Type: SUN_STANDARD

Environment Variables:
JAVA_HOME=C:\Program Files\Java\jdk1.8.0_131
CLASSPATH=.;C:\Program Files\Java\jdk1.8.0_131\lib;C:\Program Files\Java\jdk1.8.0_131\lib\dt.jar;C:\Program Files\Java\jdk1.8.0_131\lib\tools.jar
PATH=C:\ProgramData\Oracle\Java\javapath;C:\Windows\system32;C:\Windows;C:\Windows\System32\Wbem;C:\Program Files\Java\jdk1.8.0_131\bin;C:\Program Files\Java\jdk1.8.0_131\jre\bin
USERNAME=Administrator
OS=Windows_NT
PROCESSOR_IDENTIFIER=AMD64 Family 16 Model 10 Stepping 0, AuthenticAMD



---------------  S Y S T E M  ---------------

OS: Windows 7 , 64 bit Build 7601 (6.1.7601.24511)

CPU:total 6 (initial active 6) (6 cores per cpu, 1 threads per core) family 16 model 10 stepping 0, cmov, cx8, fxsr, mmx, sse, sse2, sse3, popcnt, mmxext, 3dnowpref, lzcnt, sse4a, tsc, tscinvbit, tscinv

Memory: 4k page, physical 12499700k(6075440k free), swap 24997500k(17376916k free)

vm_info: Java HotSpot(TM) 64-Bit Server VM (25.131-b11) for windows-amd64 JRE (1.8.0_131-b11), built on Mar 15 2017 01:23:53 by "java_re" with MS VC++ 10.0 (VS2010)

time: Sun Sep 01 20:42:47 2019
elapsed time: 12 seconds (0d 0h 0m 12s)

